<?xml version="1.0" encoding="UTF-8"?>
<coverage generated="1569450723240" clover="3.2.0">
  <project timestamp="1569450723240" name="All files">
    <metrics statements="9" coveredstatements="9" conditionals="0" coveredconditionals="0" methods="3" coveredmethods="3" elements="12" coveredelements="12" complexity="0" loc="9" ncloc="9" packages="1" files="2" classes="2"/>
    <file name="arithmetic.js" path="C:\Users\sredahan\Projects\Talks\ci-unit-tests\src\helpers\arithmetic.js">
      <metrics statements="2" coveredstatements="2" conditionals="0" coveredconditionals="0" methods="2" coveredmethods="2"/>
      <line num="7" count="4" type="stmt"/>
      <line num="8" count="8" type="stmt"/>
    </file>
    <file name="fetch-user.js" path="C:\Users\sredahan\Projects\Talks\ci-unit-tests\src\helpers\fetch-user.js">
      <metrics statements="7" coveredstatements="7" conditionals="0" coveredconditionals="0" methods="1" coveredmethods="1"/>
      <line num="4" count="1" type="stmt"/>
      <line num="6" count="1" type="stmt"/>
      <line num="7" count="2" type="stmt"/>
      <line num="8" count="2" type="stmt"/>
      <line num="9" count="1" type="stmt"/>
      <line num="11" count="1" type="stmt"/>
      <line num="13" count="1" type="stmt"/>
    </file>
  </project>
</coverage>
