{"C:\\Users\\sredahan\\Projects\\Talks\\ci-unit-tests\\src\\helpers\\arithmetic.js": {"path":"C:\\Users\\sredahan\\Projects\\Talks\\ci-unit-tests\\src\\helpers\\arithmetic.js","statementMap":{"0":{"start":{"line":7,"column":22},"end":{"line":9,"column":5}},"1":{"start":{"line":7,"column":37},"end":{"line":9,"column":5}},"2":{"start":{"line":8,"column":2},"end":{"line":8,"column":30}}},"fnMap":{"0":{"name":"(anonymous_0)","decl":{"start":{"line":7,"column":22},"end":{"line":7,"column":23}},"loc":{"start":{"line":7,"column":37},"end":{"line":9,"column":5}},"line":7},"1":{"name":"(anonymous_1)","decl":{"start":{"line":7,"column":51},"end":{"line":7,"column":52}},"loc":{"start":{"line":7,"column":66},"end":{"line":9,"column":1}},"line":7}},"branchMap":{},"s":{"0":1,"1":4,"2":8},"f":{"0":4,"1":8},"b":{},"_coverageSchema":"43e27e138ebf9cfc5966b082cf9a028302ed4184","hash":"79c9e17374017ae99831b24628227e8afe9b7d2e"}
,"C:\\Users\\sredahan\\Projects\\Talks\\ci-unit-tests\\src\\helpers\\fetch-user.js": {"path":"C:\\Users\\sredahan\\Projects\\Talks\\ci-unit-tests\\src\\helpers\\fetch-user.js","statementMap":{"0":{"start":{"line":4,"column":12},"end":{"line":4,"column":50}},"1":{"start":{"line":6,"column":25},"end":{"line":15,"column":1}},"2":{"start":{"line":7,"column":2},"end":{"line":14,"column":3}},"3":{"start":{"line":8,"column":21},"end":{"line":8,"column":41}},"4":{"start":{"line":9,"column":18},"end":{"line":9,"column":56}},"5":{"start":{"line":11,"column":4},"end":{"line":11,"column":20}},"6":{"start":{"line":13,"column":4},"end":{"line":13,"column":27}}},"fnMap":{"0":{"name":"(anonymous_0)","decl":{"start":{"line":6,"column":25},"end":{"line":6,"column":26}},"loc":{"start":{"line":6,"column":37},"end":{"line":15,"column":1}},"line":6}},"branchMap":{},"s":{"0":1,"1":1,"2":2,"3":2,"4":1,"5":1,"6":1},"f":{"0":2},"b":{},"_coverageSchema":"43e27e138ebf9cfc5966b082cf9a028302ed4184","hash":"3a5c75dd9d94e9c780b025b3db87e1798dd4dcb2"}
}
